Analysis & Synthesis report for calculadora
Mon Apr 08 23:00:18 2019
Quartus II 64-Bit Version 13.0.1 Build 232 06/12/2013 Service Pack 1 SJ Web Edition


---------------------
; Table of Contents ;
---------------------
  1. Legal Notice
  2. Analysis & Synthesis Summary
  3. Analysis & Synthesis Settings
  4. Parallel Compilation
  5. Analysis & Synthesis Source Files Read
  6. Analysis & Synthesis Resource Usage Summary
  7. Analysis & Synthesis Resource Utilization by Entity
  8. General Register Statistics
  9. Port Connectivity Checks: "subtrator4bits:instanciaSubtrator"
 10. Port Connectivity Checks: "somador4bits:instanciaSomador"
 11. Elapsed Time Per Partition
 12. Analysis & Synthesis Messages



----------------
; Legal Notice ;
----------------
Copyright (C) 1991-2013 Altera Corporation
Your use of Altera Corporation's design tools, logic functions 
and other software and tools, and its AMPP partner logic 
functions, and any output files from any of the foregoing 
(including device programming or simulation files), and any 
associated documentation or information are expressly subject 
to the terms and conditions of the Altera Program License 
Subscription Agreement, Altera MegaCore Function License 
Agreement, or other applicable license agreement, including, 
without limitation, that your use is for the sole purpose of 
programming logic devices manufactured by Altera and sold by 
Altera or its authorized distributors.  Please refer to the 
applicable agreement for further details.



+--------------------------------------------------------------------------------------+
; Analysis & Synthesis Summary                                                         ;
+------------------------------------+-------------------------------------------------+
; Analysis & Synthesis Status        ; Successful - Mon Apr 08 23:00:18 2019           ;
; Quartus II 64-Bit Version          ; 13.0.1 Build 232 06/12/2013 SP 1 SJ Web Edition ;
; Revision Name                      ; calculadora                                     ;
; Top-level Entity Name              ; calculadora                                     ;
; Family                             ; Cyclone II                                      ;
; Total logic elements               ; 27                                              ;
;     Total combinational functions  ; 27                                              ;
;     Dedicated logic registers      ; 0                                               ;
; Total registers                    ; 0                                               ;
; Total pins                         ; 18                                              ;
; Total virtual pins                 ; 0                                               ;
; Total memory bits                  ; 0                                               ;
; Embedded Multiplier 9-bit elements ; 0                                               ;
; Total PLLs                         ; 0                                               ;
+------------------------------------+-------------------------------------------------+


+----------------------------------------------------------------------------------------------------------------------+
; Analysis & Synthesis Settings                                                                                        ;
+----------------------------------------------------------------------------+--------------------+--------------------+
; Option                                                                     ; Setting            ; Default Value      ;
+----------------------------------------------------------------------------+--------------------+--------------------+
; Device                                                                     ; EP2C35F672C7       ;                    ;
; Top-level entity name                                                      ; calculadora        ; calculadora        ;
; Family name                                                                ; Cyclone II         ; Cyclone IV GX      ;
; Use smart compilation                                                      ; Off                ; Off                ;
; Enable parallel Assembler and TimeQuest Timing Analyzer during compilation ; On                 ; On                 ;
; Enable compact report table                                                ; Off                ; Off                ;
; Restructure Multiplexers                                                   ; Auto               ; Auto               ;
; Create Debugging Nodes for IP Cores                                        ; Off                ; Off                ;
; Preserve fewer node names                                                  ; On                 ; On                 ;
; Disable OpenCore Plus hardware evaluation                                  ; Off                ; Off                ;
; Verilog Version                                                            ; Verilog_2001       ; Verilog_2001       ;
; VHDL Version                                                               ; VHDL_1993          ; VHDL_1993          ;
; State Machine Processing                                                   ; Auto               ; Auto               ;
; Safe State Machine                                                         ; Off                ; Off                ;
; Extract Verilog State Machines                                             ; On                 ; On                 ;
; Extract VHDL State Machines                                                ; On                 ; On                 ;
; Ignore Verilog initial constructs                                          ; Off                ; Off                ;
; Iteration limit for constant Verilog loops                                 ; 5000               ; 5000               ;
; Iteration limit for non-constant Verilog loops                             ; 250                ; 250                ;
; Add Pass-Through Logic to Inferred RAMs                                    ; On                 ; On                 ;
; Infer RAMs from Raw Logic                                                  ; On                 ; On                 ;
; Parallel Synthesis                                                         ; On                 ; On                 ;
; DSP Block Balancing                                                        ; Auto               ; Auto               ;
; NOT Gate Push-Back                                                         ; On                 ; On                 ;
; Power-Up Don't Care                                                        ; On                 ; On                 ;
; Remove Redundant Logic Cells                                               ; Off                ; Off                ;
; Remove Duplicate Registers                                                 ; On                 ; On                 ;
; Ignore CARRY Buffers                                                       ; Off                ; Off                ;
; Ignore CASCADE Buffers                                                     ; Off                ; Off                ;
; Ignore GLOBAL Buffers                                                      ; Off                ; Off                ;
; Ignore ROW GLOBAL Buffers                                                  ; Off                ; Off                ;
; Ignore LCELL Buffers                                                       ; Off                ; Off                ;
; Ignore SOFT Buffers                                                        ; On                 ; On                 ;
; Limit AHDL Integers to 32 Bits                                             ; Off                ; Off                ;
; Optimization Technique                                                     ; Balanced           ; Balanced           ;
; Carry Chain Length                                                         ; 70                 ; 70                 ;
; Auto Carry Chains                                                          ; On                 ; On                 ;
; Auto Open-Drain Pins                                                       ; On                 ; On                 ;
; Perform WYSIWYG Primitive Resynthesis                                      ; Off                ; Off                ;
; Auto ROM Replacement                                                       ; On                 ; On                 ;
; Auto RAM Replacement                                                       ; On                 ; On                 ;
; Auto Shift Register Replacement                                            ; Auto               ; Auto               ;
; Allow Shift Register Merging across Hierarchies                            ; Auto               ; Auto               ;
; Auto Clock Enable Replacement                                              ; On                 ; On                 ;
; Strict RAM Replacement                                                     ; Off                ; Off                ;
; Allow Synchronous Control Signals                                          ; On                 ; On                 ;
; Force Use of Synchronous Clear Signals                                     ; Off                ; Off                ;
; Auto RAM to Logic Cell Conversion                                          ; Off                ; Off                ;
; Auto Resource Sharing                                                      ; Off                ; Off                ;
; Allow Any RAM Size For Recognition                                         ; Off                ; Off                ;
; Allow Any ROM Size For Recognition                                         ; Off                ; Off                ;
; Allow Any Shift Register Size For Recognition                              ; Off                ; Off                ;
; Use LogicLock Constraints during Resource Balancing                        ; On                 ; On                 ;
; Ignore translate_off and synthesis_off directives                          ; Off                ; Off                ;
; Timing-Driven Synthesis                                                    ; Off                ; Off                ;
; Report Parameter Settings                                                  ; On                 ; On                 ;
; Report Source Assignments                                                  ; On                 ; On                 ;
; Report Connectivity Checks                                                 ; On                 ; On                 ;
; Ignore Maximum Fan-Out Assignments                                         ; Off                ; Off                ;
; Synchronization Register Chain Length                                      ; 2                  ; 2                  ;
; PowerPlay Power Optimization                                               ; Normal compilation ; Normal compilation ;
; HDL message level                                                          ; Level2             ; Level2             ;
; Suppress Register Optimization Related Messages                            ; Off                ; Off                ;
; Number of Removed Registers Reported in Synthesis Report                   ; 5000               ; 5000               ;
; Number of Swept Nodes Reported in Synthesis Report                         ; 5000               ; 5000               ;
; Number of Inverted Registers Reported in Synthesis Report                  ; 100                ; 100                ;
; Clock MUX Protection                                                       ; On                 ; On                 ;
; Auto Gated Clock Conversion                                                ; Off                ; Off                ;
; Block Design Naming                                                        ; Auto               ; Auto               ;
; SDC constraint protection                                                  ; Off                ; Off                ;
; Synthesis Effort                                                           ; Auto               ; Auto               ;
; Shift Register Replacement - Allow Asynchronous Clear Signal               ; On                 ; On                 ;
; Pre-Mapping Resynthesis Optimization                                       ; Off                ; Off                ;
; Analysis & Synthesis Message Level                                         ; Medium             ; Medium             ;
; Disable Register Merging Across Hierarchies                                ; Auto               ; Auto               ;
; Resource Aware Inference For Block RAM                                     ; On                 ; On                 ;
; Synthesis Seed                                                             ; 1                  ; 1                  ;
+----------------------------------------------------------------------------+--------------------+--------------------+


Parallel compilation was disabled, but you have multiple processors available. Enable parallel compilation to reduce compilation time.
+-------------------------------------+
; Parallel Compilation                ;
+----------------------------+--------+
; Processors                 ; Number ;
+----------------------------+--------+
; Number detected on machine ; 8      ;
; Maximum allowed            ; 1      ;
+----------------------------+--------+


+--------------------------------------------------------------------------------------------------------------------------------------------------------------------+
; Analysis & Synthesis Source Files Read                                                                                                                             ;
+--------------------------------------+-----------------+-----------------+-------------------------------------------------------------------------------+---------+
; File Name with User-Entered Path     ; Used in Netlist ; File Type       ; File Name with Absolute Path                                                  ; Library ;
+--------------------------------------+-----------------+-----------------+-------------------------------------------------------------------------------+---------+
; ../menorque/menorque.vhd             ; yes             ; User VHDL File  ; C:/altera/13.0sp1/projetos/calculadora4bits/menorque/menorque.vhd             ;         ;
; ../maiorque/maiorque.vhd             ; yes             ; User VHDL File  ; C:/altera/13.0sp1/projetos/calculadora4bits/maiorque/maiorque.vhd             ;         ;
; ../subtrator/subtrator.vhd           ; yes             ; User VHDL File  ; C:/altera/13.0sp1/projetos/calculadora4bits/subtrator/subtrator.vhd           ;         ;
; ../somador/somador.vhd               ; yes             ; User VHDL File  ; C:/altera/13.0sp1/projetos/calculadora4bits/somador/somador.vhd               ;         ;
; ../mux4_in/mux4_in.vhd               ; yes             ; User VHDL File  ; C:/altera/13.0sp1/projetos/calculadora4bits/mux4_in/mux4_in.vhd               ;         ;
; ../subtrator4bits/subtrator4bits.vhd ; yes             ; User VHDL File  ; C:/altera/13.0sp1/projetos/calculadora4bits/subtrator4bits/subtrator4bits.vhd ;         ;
; ../somador4bits/somador4bits.vhd     ; yes             ; User VHDL File  ; C:/altera/13.0sp1/projetos/calculadora4bits/somador4bits/somador4bits.vhd     ;         ;
; ../mux4_in4bits/mux4_in4bits.vhd     ; yes             ; User VHDL File  ; C:/altera/13.0sp1/projetos/calculadora4bits/mux4_in4bits/mux4_in4bits.vhd     ;         ;
; ../inversor4bits/inversor4bits.vhd   ; yes             ; User VHDL File  ; C:/altera/13.0sp1/projetos/calculadora4bits/inversor4bits/inversor4bits.vhd   ;         ;
; calculadora.vhd                      ; yes             ; User VHDL File  ; C:/altera/13.0sp1/projetos/calculadora4bits/calculadora/calculadora.vhd       ;         ;
; ../Inversor/Inversor.vhd             ; yes             ; User VHDL File  ; C:/altera/13.0sp1/projetos/calculadora4bits/Inversor/Inversor.vhd             ;         ;
+--------------------------------------+-----------------+-----------------+-------------------------------------------------------------------------------+---------+


+--------------------------------------------------------+
; Analysis & Synthesis Resource Usage Summary            ;
+---------------------------------------------+----------+
; Resource                                    ; Usage    ;
+---------------------------------------------+----------+
; Estimated Total logic elements              ; 27       ;
;                                             ;          ;
; Total combinational functions               ; 27       ;
; Logic element usage by number of LUT inputs ;          ;
;     -- 4 input functions                    ; 22       ;
;     -- 3 input functions                    ; 4        ;
;     -- <=2 input functions                  ; 1        ;
;                                             ;          ;
; Logic elements by mode                      ;          ;
;     -- normal mode                          ; 27       ;
;     -- arithmetic mode                      ; 0        ;
;                                             ;          ;
; Total registers                             ; 0        ;
;     -- Dedicated logic registers            ; 0        ;
;     -- I/O registers                        ; 0        ;
;                                             ;          ;
; I/O pins                                    ; 18       ;
; Embedded Multiplier 9-bit elements          ; 0        ;
; Maximum fan-out node                        ; chave[0] ;
; Maximum fan-out                             ; 8        ;
; Total fan-out                               ; 107      ;
; Average fan-out                             ; 2.38     ;
+---------------------------------------------+----------+


+-----------------------------------------------------------------------------------------------------------------------------------------------------------------------------------------------------------------------------------------+
; Analysis & Synthesis Resource Utilization by Entity                                                                                                                                                                                     ;
+----------------------------------------+-------------------+--------------+-------------+--------------+---------+-----------+------+--------------+---------------------------------------------------------------------+--------------+
; Compilation Hierarchy Node             ; LC Combinationals ; LC Registers ; Memory Bits ; DSP Elements ; DSP 9x9 ; DSP 18x18 ; Pins ; Virtual Pins ; Full Hierarchy Name                                                 ; Library Name ;
+----------------------------------------+-------------------+--------------+-------------+--------------+---------+-----------+------+--------------+---------------------------------------------------------------------+--------------+
; |calculadora                           ; 27 (0)            ; 0 (0)        ; 0           ; 0            ; 0       ; 0         ; 18   ; 0            ; |calculadora                                                        ; work         ;
;    |maiorque:instanciaMaiorQue|        ; 4 (4)             ; 0 (0)        ; 0           ; 0            ; 0       ; 0         ; 0    ; 0            ; |calculadora|maiorque:instanciaMaiorQue                             ; work         ;
;    |menorque:instanciaMenorQue|        ; 4 (4)             ; 0 (0)        ; 0           ; 0            ; 0       ; 0         ; 0    ; 0            ; |calculadora|menorque:instanciaMenorQue                             ; work         ;
;    |mux4_in4bits:multiplexador|        ; 15 (0)            ; 0 (0)        ; 0           ; 0            ; 0       ; 0         ; 0    ; 0            ; |calculadora|mux4_in4bits:multiplexador                             ; work         ;
;       |mux4_in:\gen:0:uut|             ; 3 (3)             ; 0 (0)        ; 0           ; 0            ; 0       ; 0         ; 0    ; 0            ; |calculadora|mux4_in4bits:multiplexador|mux4_in:\gen:0:uut          ; work         ;
;       |mux4_in:\gen:1:uut|             ; 5 (5)             ; 0 (0)        ; 0           ; 0            ; 0       ; 0         ; 0    ; 0            ; |calculadora|mux4_in4bits:multiplexador|mux4_in:\gen:1:uut          ; work         ;
;       |mux4_in:\gen:2:uut|             ; 4 (4)             ; 0 (0)        ; 0           ; 0            ; 0       ; 0         ; 0    ; 0            ; |calculadora|mux4_in4bits:multiplexador|mux4_in:\gen:2:uut          ; work         ;
;       |mux4_in:\gen:3:uut|             ; 3 (3)             ; 0 (0)        ; 0           ; 0            ; 0       ; 0         ; 0    ; 0            ; |calculadora|mux4_in4bits:multiplexador|mux4_in:\gen:3:uut          ; work         ;
;    |somador4bits:instanciaSomador|     ; 2 (0)             ; 0 (0)        ; 0           ; 0            ; 0       ; 0         ; 0    ; 0            ; |calculadora|somador4bits:instanciaSomador                          ; work         ;
;       |somador:\gen:1:uut|             ; 1 (1)             ; 0 (0)        ; 0           ; 0            ; 0       ; 0         ; 0    ; 0            ; |calculadora|somador4bits:instanciaSomador|somador:\gen:1:uut       ; work         ;
;       |somador:\gen:3:uut|             ; 1 (1)             ; 0 (0)        ; 0           ; 0            ; 0       ; 0         ; 0    ; 0            ; |calculadora|somador4bits:instanciaSomador|somador:\gen:3:uut       ; work         ;
;    |subtrator4bits:instanciaSubtrator| ; 2 (0)             ; 0 (0)        ; 0           ; 0            ; 0       ; 0         ; 0    ; 0            ; |calculadora|subtrator4bits:instanciaSubtrator                      ; work         ;
;       |subtrator:\gen:1:uut|           ; 1 (1)             ; 0 (0)        ; 0           ; 0            ; 0       ; 0         ; 0    ; 0            ; |calculadora|subtrator4bits:instanciaSubtrator|subtrator:\gen:1:uut ; work         ;
;       |subtrator:\gen:3:uut|           ; 1 (1)             ; 0 (0)        ; 0           ; 0            ; 0       ; 0         ; 0    ; 0            ; |calculadora|subtrator4bits:instanciaSubtrator|subtrator:\gen:3:uut ; work         ;
+----------------------------------------+-------------------+--------------+-------------+--------------+---------+-----------+------+--------------+---------------------------------------------------------------------+--------------+
Note: For table entries with two numbers listed, the numbers in parentheses indicate the number of resources of the given type used by the specific entity alone. The numbers listed outside of parentheses indicate the total resources of the given type used by the specific entity and all of its sub-entities in the hierarchy.


+------------------------------------------------------+
; General Register Statistics                          ;
+----------------------------------------------+-------+
; Statistic                                    ; Value ;
+----------------------------------------------+-------+
; Total registers                              ; 0     ;
; Number of registers using Synchronous Clear  ; 0     ;
; Number of registers using Synchronous Load   ; 0     ;
; Number of registers using Asynchronous Clear ; 0     ;
; Number of registers using Asynchronous Load  ; 0     ;
; Number of registers using Clock Enable       ; 0     ;
; Number of registers using Preset             ; 0     ;
+----------------------------------------------+-------+


+------------------------------------------------------------------------------------------------------------------+
; Port Connectivity Checks: "subtrator4bits:instanciaSubtrator"                                                    ;
+--------+--------+----------+-------------------------------------------------------------------------------------+
; Port   ; Type   ; Severity ; Details                                                                             ;
+--------+--------+----------+-------------------------------------------------------------------------------------+
; cinsb  ; Input  ; Info     ; Stuck at GND                                                                        ;
; coutsb ; Output ; Info     ; Connected to dangling logic. Logic that only feeds a dangling port will be removed. ;
+--------+--------+----------+-------------------------------------------------------------------------------------+


+-------------------------------------------------------------------------------------------------------------------+
; Port Connectivity Checks: "somador4bits:instanciaSomador"                                                         ;
+---------+--------+----------+-------------------------------------------------------------------------------------+
; Port    ; Type   ; Severity ; Details                                                                             ;
+---------+--------+----------+-------------------------------------------------------------------------------------+
; cinsum  ; Input  ; Info     ; Stuck at GND                                                                        ;
; coutsum ; Output ; Info     ; Connected to dangling logic. Logic that only feeds a dangling port will be removed. ;
+---------+--------+----------+-------------------------------------------------------------------------------------+


+-------------------------------+
; Elapsed Time Per Partition    ;
+----------------+--------------+
; Partition Name ; Elapsed Time ;
+----------------+--------------+
; Top            ; 00:00:00     ;
+----------------+--------------+


+-------------------------------+
; Analysis & Synthesis Messages ;
+-------------------------------+
Info: *******************************************************************
Info: Running Quartus II 64-Bit Analysis & Synthesis
    Info: Version 13.0.1 Build 232 06/12/2013 Service Pack 1 SJ Web Edition
    Info: Processing started: Mon Apr 08 23:00:16 2019
Info: Command: quartus_map --read_settings_files=on --write_settings_files=off calculadora -c calculadora
Warning (20028): Parallel compilation is not licensed and has been disabled
Info (12021): Found 2 design units, including 1 entities, in source file /altera/13.0sp1/projetos/calculadora4bits/menorque/menorque.vhd
    Info (12022): Found design unit 1: menorque-ckt
    Info (12023): Found entity 1: menorque
Info (12021): Found 2 design units, including 1 entities, in source file /altera/13.0sp1/projetos/calculadora4bits/maiorque/maiorque.vhd
    Info (12022): Found design unit 1: maiorque-ckt
    Info (12023): Found entity 1: maiorque
Info (12021): Found 2 design units, including 1 entities, in source file /altera/13.0sp1/projetos/calculadora4bits/subtrator/subtrator.vhd
    Info (12022): Found design unit 1: subtrator-circuito
    Info (12023): Found entity 1: subtrator
Info (12021): Found 2 design units, including 1 entities, in source file /altera/13.0sp1/projetos/calculadora4bits/somador/somador.vhd
    Info (12022): Found design unit 1: somador-comportamento
    Info (12023): Found entity 1: somador
Info (12021): Found 2 design units, including 1 entities, in source file /altera/13.0sp1/projetos/calculadora4bits/mux4_in/mux4_in.vhd
    Info (12022): Found design unit 1: mux4_in-cktmux4_in
    Info (12023): Found entity 1: mux4_in
Info (12021): Found 2 design units, including 1 entities, in source file /altera/13.0sp1/projetos/calculadora4bits/subtrator4bits/subtrator4bits.vhd
    Info (12022): Found design unit 1: subtrator4bits-circuito
    Info (12023): Found entity 1: subtrator4bits
Info (12021): Found 2 design units, including 1 entities, in source file /altera/13.0sp1/projetos/calculadora4bits/somador4bits/somador4bits.vhd
    Info (12022): Found design unit 1: somador4bits-comportamento
    Info (12023): Found entity 1: somador4bits
Info (12021): Found 2 design units, including 1 entities, in source file /altera/13.0sp1/projetos/calculadora4bits/mux4_in4bits/mux4_in4bits.vhd
    Info (12022): Found design unit 1: mux4_in4bits-cktmux4_in4bits
    Info (12023): Found entity 1: mux4_in4bits
Info (12021): Found 2 design units, including 1 entities, in source file /altera/13.0sp1/projetos/calculadora4bits/inversor4bits/inversor4bits.vhd
    Info (12022): Found design unit 1: inversor4bits-comportamento
    Info (12023): Found entity 1: inversor4bits
Info (12021): Found 2 design units, including 1 entities, in source file calculadora.vhd
    Info (12022): Found design unit 1: calculadora-ckt
    Info (12023): Found entity 1: calculadora
Info (12021): Found 2 design units, including 1 entities, in source file /altera/13.0sp1/projetos/calculadora4bits/inversor/inversor.vhd
    Info (12022): Found design unit 1: Inversor-comportamento
    Info (12023): Found entity 1: Inversor
Info (12127): Elaborating entity "calculadora" for the top level hierarchy
Warning (10036): Verilog HDL or VHDL warning at calculadora.vhd(85): object "CoutSomador" assigned a value but never read
Warning (10540): VHDL Signal Declaration warning at calculadora.vhd(86): used explicit default value for signal "CinSomador" because signal was never assigned a value
Warning (10036): Verilog HDL or VHDL warning at calculadora.vhd(90): object "CoutSubtrator" assigned a value but never read
Warning (10540): VHDL Signal Declaration warning at calculadora.vhd(91): used explicit default value for signal "CinSubtrator" because signal was never assigned a value
Info (12128): Elaborating entity "somador4bits" for hierarchy "somador4bits:instanciaSomador"
Info (12128): Elaborating entity "somador" for hierarchy "somador4bits:instanciaSomador|somador:\gen:0:uut"
Info (12128): Elaborating entity "subtrator4bits" for hierarchy "subtrator4bits:instanciaSubtrator"
Info (12128): Elaborating entity "subtrator" for hierarchy "subtrator4bits:instanciaSubtrator|subtrator:\gen:0:uut"
Warning (10540): VHDL Signal Declaration warning at subtrator.vhd(7): used explicit default value for signal "s1" because signal was never assigned a value
Warning (10540): VHDL Signal Declaration warning at subtrator.vhd(8): used explicit default value for signal "s2" because signal was never assigned a value
Warning (10540): VHDL Signal Declaration warning at subtrator.vhd(9): used explicit default value for signal "s3" because signal was never assigned a value
Warning (10540): VHDL Signal Declaration warning at subtrator.vhd(10): used explicit default value for signal "s4" because signal was never assigned a value
Info (12128): Elaborating entity "inversor4bits" for hierarchy "inversor4bits:instanciaInversor"
Info (12128): Elaborating entity "Inversor" for hierarchy "inversor4bits:instanciaInversor|Inversor:\gen:0:uut"
Info (12128): Elaborating entity "maiorque" for hierarchy "maiorque:instanciaMaiorQue"
Info (12128): Elaborating entity "menorque" for hierarchy "menorque:instanciaMenorQue"
Info (12128): Elaborating entity "mux4_in4bits" for hierarchy "mux4_in4bits:multiplexador"
Info (12128): Elaborating entity "mux4_in" for hierarchy "mux4_in4bits:multiplexador|mux4_in:\gen:0:uut"
Warning (13024): Output pins are stuck at VCC or GND
    Warning (13410): Pin "ctrl[0]" is stuck at GND
    Warning (13410): Pin "ctrl[1]" is stuck at GND
Info (16010): Generating hard_block partition "hard_block:auto_generated_inst"
    Info (16011): Adding 0 node(s), including 0 DDIO, 0 PLL, 0 transceiver and 0 LCELL
Info (21057): Implemented 45 device resources after synthesis - the final resource count might be different
    Info (21058): Implemented 11 input pins
    Info (21059): Implemented 7 output pins
    Info (21061): Implemented 27 logic cells
Info: Quartus II 64-Bit Analysis & Synthesis was successful. 0 errors, 12 warnings
    Info: Peak virtual memory: 4676 megabytes
    Info: Processing ended: Mon Apr 08 23:00:19 2019
    Info: Elapsed time: 00:00:03
    Info: Total CPU time (on all processors): 00:00:02


